# JRE version: Java(TM) SE Runtime Environment (8.0_241-b07) (build 1.8.0_241-b07)
# Java VM: Java HotSpot(TM) 64-Bit Server VM (25.241-b07 mixed mode windows-amd64 compressed oops)
Heap:
 PSYoungGen      total 566272K, used 565874K [0x00000000d5f00000, 0x00000000ffc80000, 0x0000000100000000)
  eden space 564224K, 99% used [0x00000000d5f00000,0x00000000f85cc8f0,0x00000000f8600000)
  from space 2048K, 90% used [0x00000000ff880000,0x00000000ffa50208,0x00000000ffa80000)
  to   space 2048K, 65% used [0x00000000ffa80000,0x00000000ffbd0860,0x00000000ffc80000)
 ParOldGen       total 87552K, used 21654K [0x0000000081c00000, 0x0000000087180000, 0x00000000d5f00000)
  object space 87552K, 24% used [0x0000000081c00000,0x0000000083125860,0x0000000087180000)
 Metaspace       used 4965K, capacity 5074K, committed 5248K, reserved 1056768K
  class space    used 523K, capacity 561K, committed 640K, reserved 1048576K
GC Heap History (10 events):
Event: 433.863 GC heap after
Heap after GC invocations=571 (full 0):
 PSYoungGen      total 686592K, used 1844K [0x00000000d5f00000, 0x0000000100000000, 0x0000000100000000)
  eden space 684032K, 0% used [0x00000000d5f00000,0x00000000d5f00000,0x00000000ffb00000)
  from space 2560K, 72% used [0x00000000ffb00000,0x00000000ffccd0d0,0x00000000ffd80000)
  to   space 2560K, 0% used [0x00000000ffd80000,0x00000000ffd80000,0x0000000100000000)
 ParOldGen       total 87552K, used 21646K [0x0000000081c00000, 0x0000000087180000, 0x00000000d5f00000)
  object space 87552K, 24% used [0x0000000081c00000,0x0000000083123860,0x0000000087180000)
 Metaspace       used 4957K, capacity 5010K, committed 5248K, reserved 1056768K
  class space    used 523K, capacity 561K, committed 640K, reserved 1048576K
}
Event: 434.961 GC heap before
{Heap before GC invocations=572 (full 0):
 PSYoungGen      total 686592K, used 685391K [0x00000000d5f00000, 0x0000000100000000, 0x0000000100000000)
  eden space 684032K, 99% used [0x00000000d5f00000,0x00000000ffa86b58,0x00000000ffb00000)
  from space 2560K, 72% used [0x00000000ffb00000,0x00000000ffccd0d0,0x00000000ffd80000)
  to   space 2560K, 0% used [0x00000000ffd80000,0x00000000ffd80000,0x0000000100000000)
 ParOldGen       total 87552K, used 21646K [0x0000000081c00000, 0x0000000087180000, 0x00000000d5f00000)
  object space 87552K, 24% used [0x0000000081c00000,0x0000000083123860,0x0000000087180000)
 Metaspace       used 4957K, capacity 5010K, committed 5248K, reserved 1056768K
  class space    used 523K, capacity 561K, committed 640K, reserved 1048576K
Event: 434.964 GC heap after
Heap after GC invocations=572 (full 0):
 PSYoungGen      total 653824K, used 1847K [0x00000000d5f00000, 0x00000000fff80000, 0x0000000100000000)
  eden space 651776K, 0% used [0x00000000d5f00000,0x00000000d5f00000,0x00000000fdb80000)
  from space 2048K, 90% used [0x00000000ffd80000,0x00000000fff4de20,0x00000000fff80000)
  to   space 2560K, 0% used [0x00000000ffa80000,0x00000000ffa80000,0x00000000ffd00000)
 ParOldGen       total 87552K, used 21646K [0x0000000081c00000, 0x0000000087180000, 0x00000000d5f00000)
  object space 87552K, 24% used [0x0000000081c00000,0x0000000083123860,0x0000000087180000)
 Metaspace       used 4957K, capacity 5010K, committed 5248K, reserved 1056768K
  class space    used 523K, capacity 561K, committed 640K, reserved 1048576K
}
Event: 435.994 GC heap before
{Heap before GC invocations=573 (full 0):
 PSYoungGen      total 653824K, used 653522K [0x00000000d5f00000, 0x00000000fff80000, 0x0000000100000000)
  eden space 651776K, 99% used [0x00000000d5f00000,0x00000000fdb66b50,0x00000000fdb80000)
  from space 2048K, 90% used [0x00000000ffd80000,0x00000000fff4de20,0x00000000fff80000)
  to   space 2560K, 0% used [0x00000000ffa80000,0x00000000ffa80000,0x00000000ffd00000)
 ParOldGen       total 87552K, used 21646K [0x0000000081c00000, 0x0000000087180000, 0x00000000d5f00000)
  object space 87552K, 24% used [0x0000000081c00000,0x0000000083123860,0x0000000087180000)
 Metaspace       used 4957K, capacity 5010K, committed 5248K, reserved 1056768K
  class space    used 523K, capacity 561K, committed 640K, reserved 1048576K
Event: 435.998 GC heap after
Heap after GC invocations=573 (full 0):
 PSYoungGen      total 622592K, used 1244K [0x00000000d5f00000, 0x00000000ffe00000, 0x0000000100000000)
  eden space 621056K, 0% used [0x00000000d5f00000,0x00000000d5f00000,0x00000000fbd80000)
  from space 1536K, 81% used [0x00000000ffa80000,0x00000000ffbb71a0,0x00000000ffc00000)
  to   space 2048K, 0% used [0x00000000ffc00000,0x00000000ffc00000,0x00000000ffe00000)
 ParOldGen       total 87552K, used 21646K [0x0000000081c00000, 0x0000000087180000, 0x00000000d5f00000)
  object space 87552K, 24% used [0x0000000081c00000,0x0000000083123860,0x0000000087180000)
 Metaspace       used 4957K, capacity 5010K, committed 5248K, reserved 1056768K
  class space    used 523K, capacity 561K, committed 640K, reserved 1048576K
}
Event: 436.843 GC heap before
{Heap before GC invocations=574 (full 0):
 PSYoungGen      total 622592K, used 621836K [0x00000000d5f00000, 0x00000000ffe00000, 0x0000000100000000)
  eden space 621056K, 99% used [0x00000000d5f00000,0x00000000fbd0c0b0,0x00000000fbd80000)
  from space 1536K, 81% used [0x00000000ffa80000,0x00000000ffbb71a0,0x00000000ffc00000)
  to   space 2048K, 0% used [0x00000000ffc00000,0x00000000ffc00000,0x00000000ffe00000)
 ParOldGen       total 87552K, used 21646K [0x0000000081c00000, 0x0000000087180000, 0x00000000d5f00000)
  object space 87552K, 24% used [0x0000000081c00000,0x0000000083123860,0x0000000087180000)
 Metaspace       used 4957K, capacity 5010K, committed 5248K, reserved 1056768K
  class space    used 523K, capacity 561K, committed 640K, reserved 1048576K
Event: 436.847 GC heap after
Heap after GC invocations=574 (full 0):
 PSYoungGen      total 593408K, used 1246K [0x00000000d5f00000, 0x00000000ffd80000, 0x0000000100000000)
  eden space 591872K, 0% used [0x00000000d5f00000,0x00000000d5f00000,0x00000000fa100000)
  from space 1536K, 81% used [0x00000000ffc00000,0x00000000ffd379a0,0x00000000ffd80000)
  to   space 2560K, 0% used [0x00000000ff880000,0x00000000ff880000,0x00000000ffb00000)
 ParOldGen       total 87552K, used 21646K [0x0000000081c00000, 0x0000000087180000, 0x00000000d5f00000)
  object space 87552K, 24% used [0x0000000081c00000,0x0000000083123860,0x0000000087180000)
 Metaspace       used 4957K, capacity 5010K, committed 5248K, reserved 1056768K
  class space    used 523K, capacity 561K, committed 640K, reserved 1048576K
}
Event: 437.882 GC heap before
{Heap before GC invocations=575 (full 0):
 PSYoungGen      total 593408K, used 592816K [0x00000000d5f00000, 0x00000000ffd80000, 0x0000000100000000)
  eden space 591872K, 99% used [0x00000000d5f00000,0x00000000fa0b46d0,0x00000000fa100000)
  from space 1536K, 81% used [0x00000000ffc00000,0x00000000ffd379a0,0x00000000ffd80000)
  to   space 2560K, 0% used [0x00000000ff880000,0x00000000ff880000,0x00000000ffb00000)
 ParOldGen       total 87552K, used 21646K [0x0000000081c00000, 0x0000000087180000, 0x00000000d5f00000)
  object space 87552K, 24% used [0x0000000081c00000,0x0000000083123860,0x0000000087180000)
 Metaspace       used 4957K, capacity 5010K, committed 5248K, reserved 1056768K
  class space    used 523K, capacity 561K, committed 640K, reserved 1048576K
Event: 437.887 GC heap after
Heap after GC invocations=575 (full 0):
 PSYoungGen      total 566272K, used 1856K [0x00000000d5f00000, 0x00000000ffc80000, 0x0000000100000000)
  eden space 564224K, 0% used [0x00000000d5f00000,0x00000000d5f00000,0x00000000f8600000)
  from space 2048K, 90% used [0x00000000ff880000,0x00000000ffa50208,0x00000000ffa80000)
  to   space 2048K, 0% used [0x00000000ffa80000,0x00000000ffa80000,0x00000000ffc80000)
 ParOldGen       total 87552K, used 21646K [0x0000000081c00000, 0x0000000087180000, 0x00000000d5f00000)
  object space 87552K, 24% used [0x0000000081c00000,0x0000000083123860,0x0000000087180000)
 Metaspace       used 4957K, capacity 5010K, committed 5248K, reserved 1056768K
  class space    used 523K, capacity 561K, committed 640K, reserved 1048576K
}
Event: 438.904 GC heap before
{Heap before GC invocations=576 (full 0):
 PSYoungGen      total 566272K, used 565874K [0x00000000d5f00000, 0x00000000ffc80000, 0x0000000100000000)
  eden space 564224K, 99% used [0x00000000d5f00000,0x00000000f85cc810,0x00000000f8600000)
  from space 2048K, 90% used [0x00000000ff880000,0x00000000ffa50208,0x00000000ffa80000)
  to   space 2048K, 0% used [0x00000000ffa80000,0x00000000ffa80000,0x00000000ffc80000)
 ParOldGen       total 87552K, used 21646K [0x0000000081c00000, 0x0000000087180000, 0x00000000d5f00000)
  object space 87552K, 24% used [0x0000000081c00000,0x0000000083123860,0x0000000087180000)
 Metaspace       used 4965K, capacity 5074K, committed 5248K, reserved 1056768K
  class space    used 523K, capacity 561K, committed 640K, reserved 1048576K

